Arguments: 
  C:\Program Files\nodejs\node.exe C:\Program Files (x86)\Yarn\bin\yarn.js dev

PATH: 
  C:\Users\tonim\bin;C:\Program Files\Git\mingw64\bin;C:\Program Files\Git\usr\local\bin;C:\Program Files\Git\usr\bin;C:\Program Files\Git\usr\bin;C:\Program Files\Git\mingw64\bin;C:\Program Files\Git\usr\bin;C:\Users\tonim\bin;C:\Python27;C:\Python27\Scripts;C:\WINDOWS\system32;C:\WINDOWS;C:\WINDOWS\System32\Wbem;C:\WINDOWS\System32\WindowsPowerShell\v1.0;C:\WINDOWS\System32\OpenSSH;C:\Program Files\Git\cmd;C:\ProgramData\chocolatey\bin;C:\Program Files\PuTTY;%NVM_HOME%;%NVM_SYMLINK%;C:\Program Files\Docker\Docker\resources\bin;C:\ProgramData\DockerDesktop\version-bin;C:\Program Files\nodejs;C:\Program Files (x86)\Yarn\bin;C:\Users\tonim\AppData\Local\Microsoft\WindowsApps;C:\Users\tonim\AppData\Local\Programs\Microsoft VS Code\bin;C:\src\flutter\bin;C:\Users\tonim\AppData\Roaming\nvm;C:\Program Files\nodejs;C:\Users\tonim\AppData\Roaming\npm;C:\Users\tonim\AppData\Local\Yarn\bin;C:\Program Files\Git\usr\bin\vendor_perl;C:\Program Files\Git\usr\bin\core_perl

Yarn version: 
  1.22.5

Node version: 
  12.18.3

Platform: 
  win32 x64

Trace: 
  SyntaxError: D:\Curso insta\server\package.json: Unexpected string in JSON at position 109
      at JSON.parse (<anonymous>)
      at C:\Program Files (x86)\Yarn\lib\cli.js:1625:59
      at Generator.next (<anonymous>)
      at step (C:\Program Files (x86)\Yarn\lib\cli.js:310:30)
      at C:\Program Files (x86)\Yarn\lib\cli.js:321:13

npm manifest: 
  {
    "name": "backendi",
    "version": "1.0.0",
    "main": "index.js",
    "author": "Toni",
    "license": "MIT"
    "scripts": {
      "dev": "node ./index.js"
    }
  }

yarn manifest: 
  No manifest

Lockfile: 
  No lockfile
